---------------------------------------------------------------------------------------------------------------------
      name:  <unnamed>
       log:  C:\Users\Christian\Desktop\2018\unidiff.log
  log type:  text
 opened on:  17 Sep 2020, 23:44:30

. set more off

. 
. /* Abrir dataset*/
. use datamadre.dta, clear

. 
. /* Estimación del modelo */
. 
. foreach pattern in fi qpm qs cp  ua re ce rce hrce {
  2. 
. disp " "
  3. disp "Modelo: `pattern'"
  4. disp " "
  5. 
. unidiff FRE, row(O) column(D) layer(C) effect(mult) pattern(`pattern') refcat(1) 
  6. 
. }
 
Modelo: fi
 


Iteration 1:     deviance =     8.4987
Iteration 2:     deviance =     2.5418
Iteration 3:     deviance =     0.3904
Iteration 4:     deviance =     0.0639
Iteration 5:     deviance =     0.0107
Iteration 6:     deviance =     0.0018
Iteration 7:     deviance =     0.0003




Analysis of differences in two-way associations



Table structure

-------------------------------------------------------------------------------
            Name      Label                                   N. of categories
-------------------------------------------------------------------------------
Row         O         O                                                5
Column      D         D                                                5
Layer       C         C                                                6
-------------------------------------------------------------------------------


Model specification

-------------------------------------------------------------------------------
Layer effect:            multiplicative
R-C association pattern: full interaction
Additional variables:    none      
-------------------------------------------------------------------------------


Goodness-of-fit statistics

-------------------------------------------------------------------------------
Model               N    df      X2     p       G2     p     rG2     BIC     DI
-------------------------------------------------------------------------------
Cond. indep.      1972   96    706.1  0.00    734.7  0.00    0.0      6.4  20.7
Null effect       1972   80    114.6  0.01     85.8  0.31   88.3   -521.2   4.8
Multipl. effect   1972   75    105.7  0.01     81.6  0.28   88.9   -487.4   4.9
-------------------------------------------------------------------------------


Phi parameters (layer scores)

----------------------------------------------
        C |        Raw    Scaled 1    Scaled 2
----------+-----------------------------------
        1 |     4.6596      1.0000      0.4837
        2 |     3.9128      0.8397      0.4062
        3 |     4.2078      0.9030      0.4368
        4 |     3.9328      0.8440      0.4082
        5 |     3.9223      0.8418      0.4072
        6 |     2.6878      0.5768      0.2790
----------------------------------------------


Psi parameters (R-C association scores)

--------------------------------------------------
          |                   D                   
        O |      1       2       3       4       5
----------+---------------------------------------
        1 |   0.00    0.00    0.00    0.00    0.00
        2 |   0.00    0.25    0.21    0.10    0.25
        3 |   0.00    0.39    0.58    0.39    3.32
        4 |   0.00    0.42    0.82    1.05    3.28
        5 |   0.00    0.62    1.19    1.63    4.72
--------------------------------------------------


Kappa indices

------------------
        C |  Kappa
----------+-------
        1 |   3.10
        2 |   2.61
        3 |   2.80
        4 |   2.62
        5 |   2.61
        6 |   1.79
------------------


 
Modelo: qpm
 


Iteration 1:     deviance =    29.4417
Iteration 2:     deviance =     2.5127
Iteration 3:     deviance =     0.6705
Iteration 4:     deviance =     0.1973
Iteration 5:     deviance =     0.0572
Iteration 6:     deviance =     0.0165
Iteration 7:     deviance =     0.0047
Iteration 8:     deviance =     0.0014
Iteration 9:     deviance =     0.0004




Analysis of differences in two-way associations



Table structure

-------------------------------------------------------------------------------
            Name      Label                                   N. of categories
-------------------------------------------------------------------------------
Row         O         O                                                5
Column      D         D                                                5
Layer       C         C                                                6
-------------------------------------------------------------------------------


Model specification

-------------------------------------------------------------------------------
Layer effect:            multiplicative
R-C association pattern: quasi-perfect mobility
Additional variables:    none      
-------------------------------------------------------------------------------


Goodness-of-fit statistics

-------------------------------------------------------------------------------
Model               N    df      X2     p       G2     p     rG2     BIC     DI
-------------------------------------------------------------------------------
Cond. indep.      1972   96    706.1  0.00    734.7  0.00    0.0      6.4  20.7
Null effect       1972   91    495.1  0.00    506.2  0.00   31.1   -184.2  14.9
Multipl. effect   1972   86    469.2  0.00    497.6  0.00   32.3   -154.8  15.0
-------------------------------------------------------------------------------


Phi parameters (layer scores)

----------------------------------------------
        C |        Raw    Scaled 1    Scaled 2
----------+-----------------------------------
        1 |     4.6175      1.0000      0.3942
        2 |     4.8464      1.0496      0.4138
        3 |     7.1930      1.5578      0.6142
        4 |     3.7344      0.8087      0.3188
        5 |     3.4779      0.7532      0.2969
        6 |     3.8189      0.8270      0.3261
----------------------------------------------


Psi parameters (R-C association scores)

--------------------------------------------------
          |                   D                   
        O |      1       2       3       4       5
----------+---------------------------------------
        1 |   0.64    0.00    0.00    0.00    0.00
        2 |   0.00    0.18    0.00    0.00    0.00
        3 |   0.00    0.00   -0.08    0.00    0.00
        4 |   0.00    0.00    0.00   -0.07    0.00
        5 |   0.00    0.00    0.00    0.00    0.85
--------------------------------------------------


Kappa indices

------------------
        C |  Kappa
----------+-------
        1 |   0.82
        2 |   0.86
        3 |   1.28
        4 |   0.67
        5 |   0.62
        6 |   0.68
------------------


 
Modelo: qs
 


Iteration 1:     deviance =     8.7249
Iteration 2:     deviance =     2.3098
Iteration 3:     deviance =     0.2883
Iteration 4:     deviance =     0.0391
Iteration 5:     deviance =     0.0055
Iteration 6:     deviance =     0.0008
Iteration 7:     deviance =     0.0001




Analysis of differences in two-way associations



Table structure

-------------------------------------------------------------------------------
            Name      Label                                   N. of categories
-------------------------------------------------------------------------------
Row         O         O                                                5
Column      D         D                                                5
Layer       C         C                                                6
-------------------------------------------------------------------------------


Model specification

-------------------------------------------------------------------------------
Layer effect:            multiplicative
R-C association pattern: quasi-symmetry
Additional variables:    none      
-------------------------------------------------------------------------------


Goodness-of-fit statistics

-------------------------------------------------------------------------------
Model               N    df      X2     p       G2     p     rG2     BIC     DI
-------------------------------------------------------------------------------
Cond. indep.      1972   96    706.1  0.00    734.7  0.00    0.0      6.4  20.7
Null effect       1972   86    302.2  0.00     93.6  0.27   87.3   -558.9   4.9
Multipl. effect   1972   81    272.3  0.00     89.3  0.25   87.8   -525.3   4.9
-------------------------------------------------------------------------------


Phi parameters (layer scores)

----------------------------------------------
        C |        Raw    Scaled 1    Scaled 2
----------+-----------------------------------
        1 |     4.6845      1.0000      0.4855
        2 |     3.8230      0.8161      0.3962
        3 |     4.2586      0.9091      0.4413
        4 |     3.8703      0.8262      0.4011
        5 |     4.0280      0.8599      0.4174
        6 |     2.6860      0.5734      0.2784
----------------------------------------------


Psi parameters (R-C association scores)

--------------------------------------------------
          |                   D                   
        O |      1       2       3       4       5
----------+---------------------------------------
        1 |   0.00   -0.11   -0.31   -0.74   -1.66
        2 |  -0.11    0.00   -0.09   -0.47   -1.19
        3 |  -0.31   -0.09    0.00   -0.19   -0.74
        4 |  -0.74   -0.47   -0.19    0.00   -0.35
        5 |  -1.66   -1.19   -0.74   -0.35    0.00
--------------------------------------------------


Kappa indices

------------------
        C |  Kappa
----------+-------
        1 |   1.95
        2 |   1.59
        3 |   1.77
        4 |   1.61
        5 |   1.67
        6 |   1.12
------------------


 
Modelo: cp
 


Iteration 1:     deviance =    25.8444
Iteration 2:     deviance =     0.9948
Iteration 3:     deviance =     0.2226
Iteration 4:     deviance =     0.0485
Iteration 5:     deviance =     0.0100
Iteration 6:     deviance =     0.0021
Iteration 7:     deviance =     0.0004




Analysis of differences in two-way associations



Table structure

-------------------------------------------------------------------------------
            Name      Label                                   N. of categories
-------------------------------------------------------------------------------
Row         O         O                                                5
Column      D         D                                                5
Layer       C         C                                                6
-------------------------------------------------------------------------------


Model specification

-------------------------------------------------------------------------------
Layer effect:            multiplicative
R-C association pattern: crossing parameters
Additional variables:    none      
-------------------------------------------------------------------------------


Goodness-of-fit statistics

-------------------------------------------------------------------------------
Model               N    df      X2     p       G2     p     rG2     BIC     DI
-------------------------------------------------------------------------------
Cond. indep.      1972   96    706.1  0.00    734.7  0.00    0.0      6.4  20.7
Null effect       1972   92    422.3  0.00    331.7  0.00   54.8   -366.2  15.1
Multipl. effect   1972   87    348.6  0.00    320.4  0.00   56.4   -339.6  15.0
-------------------------------------------------------------------------------


Phi parameters (layer scores)

----------------------------------------------
        C |        Raw    Scaled 1    Scaled 2
----------+-----------------------------------
        1 |    29.8582      1.0000      0.9551
        2 |     4.6357      0.1553      0.1483
        3 |     5.2950      0.1773      0.1694
        4 |     3.6931      0.1237      0.1181
        5 |     4.1497      0.1390      0.1327
        6 |     2.3238      0.0778      0.0743
----------------------------------------------


Psi parameters (R-C association scores)

--------------------------------------------------
          |                   D                   
        O |      1       2       3       4       5
----------+---------------------------------------
        1 |   0.00   -0.18   -0.41   -0.69   -1.07
        2 |  -0.18    0.00   -0.23   -0.51   -0.89
        3 |  -0.41   -0.23    0.00   -0.28   -0.66
        4 |  -0.69   -0.51   -0.28    0.00   -0.38
        5 |  -1.07   -0.89   -0.66   -0.38    0.00
--------------------------------------------------


Kappa indices

------------------
        C |  Kappa
----------+-------
        1 |   8.76
        2 |   1.36
        3 |   1.55
        4 |   1.08
        5 |   1.22
        6 |   0.68
------------------


 
Modelo: ua
 


Iteration 1:     deviance =    12.0507
Iteration 2:     deviance =     0.0000




Analysis of differences in two-way associations



Table structure

-------------------------------------------------------------------------------
            Name      Label                                   N. of categories
-------------------------------------------------------------------------------
Row         O         O                                                5
Column      D         D                                                5
Layer       C         C                                                6
-------------------------------------------------------------------------------


Model specification

-------------------------------------------------------------------------------
Layer effect:            multiplicative
R-C association pattern: uniform association
Additional variables:    none      
-------------------------------------------------------------------------------


Goodness-of-fit statistics

-------------------------------------------------------------------------------
Model               N    df      X2     p       G2     p     rG2     BIC     DI
-------------------------------------------------------------------------------
Cond. indep.      1972   96    706.1  0.00    734.7  0.00    0.0      6.4  20.7
Null effect       1972   95    171.5  0.00    134.7  0.00   81.7   -586.0   6.4
Multipl. effect   1972   90    171.7  0.00    129.6  0.00   82.4   -553.3   6.2
-------------------------------------------------------------------------------


Phi parameters (layer scores)

----------------------------------------------
        C |        Raw    Scaled 1    Scaled 2
----------+-----------------------------------
        1 |     5.1280      1.0000      0.4939
        2 |     4.3098      0.8405      0.4151
        3 |     4.5518      0.8876      0.4384
        4 |     4.0496      0.7897      0.3901
        5 |     4.1912      0.8173      0.4037
        6 |     2.8691      0.5595      0.2763
----------------------------------------------


Psi parameters (R-C association scores)

--------------------------------------------------
          |                   D                   
        O |      1       2       3       4       5
----------+---------------------------------------
        1 |   0.16    0.32    0.48    0.65    0.81
        2 |   0.32    0.65    0.97    1.29    1.62
        3 |   0.48    0.97    1.45    1.94    2.42
        4 |   0.65    1.29    1.94    2.59    3.23
        5 |   0.81    1.62    2.42    3.23    4.04
--------------------------------------------------


Kappa indices

------------------
        C |  Kappa
----------+-------
        1 |   1.66
        2 |   1.39
        3 |   1.47
        4 |   1.31
        5 |   1.35
        6 |   0.93
------------------


 
Modelo: re
 


Iteration 1:     deviance =    11.3859
Iteration 2:     deviance =     1.5054
Iteration 3:     deviance =     0.1268
Iteration 4:     deviance =     0.0108
Iteration 5:     deviance =     0.0009
Iteration 6:     deviance =     0.0001




Analysis of differences in two-way associations



Table structure

-------------------------------------------------------------------------------
            Name      Label                                   N. of categories
-------------------------------------------------------------------------------
Row         O         O                                                5
Column      D         D                                                5
Layer       C         C                                                6
-------------------------------------------------------------------------------


Model specification

-------------------------------------------------------------------------------
Layer effect:            multiplicative
R-C association pattern: row effects
Additional variables:    none      
-------------------------------------------------------------------------------


Goodness-of-fit statistics

-------------------------------------------------------------------------------
Model               N    df      X2     p       G2     p     rG2     BIC     DI
-------------------------------------------------------------------------------
Cond. indep.      1972   96    706.1  0.00    734.7  0.00    0.0      6.4  20.7
Null effect       1972   92    134.2  0.00    119.4  0.03   83.7   -578.6   5.8
Multipl. effect   1972   87    132.5  0.00    116.8  0.02   84.1   -543.2   5.9
-------------------------------------------------------------------------------


Phi parameters (layer scores)

----------------------------------------------
        C |        Raw    Scaled 1    Scaled 2
----------+-----------------------------------
        1 |     4.7773      1.0000      0.4830
        2 |     4.0853      0.8552      0.4130
        3 |     4.1237      0.8632      0.4169
        4 |     3.8251      0.8007      0.3867
        5 |     4.1814      0.8753      0.4227
        6 |     3.0341      0.6351      0.3067
----------------------------------------------


Psi parameters (R-C association scores)

--------------------------------------------------
          |                   D                   
        O |      1       2       3       4       5
----------+---------------------------------------
        1 |   0.00    0.00    0.00    0.00    0.00
        2 |   0.12    0.23    0.35    0.46    0.58
        3 |   0.26    0.52    0.78    1.04    1.30
        4 |   0.41    0.82    1.23    1.63    2.04
        5 |   0.63    1.26    1.89    2.51    3.14
--------------------------------------------------


Kappa indices

------------------
        C |  Kappa
----------+-------
        1 |   1.49
        2 |   1.28
        3 |   1.29
        4 |   1.19
        5 |   1.31
        6 |   0.95
------------------


 
Modelo: ce
 


Iteration 1:     deviance =     9.9047
Iteration 2:     deviance =     1.9428
Iteration 3:     deviance =     0.0835
Iteration 4:     deviance =     0.0033
Iteration 5:     deviance =     0.0001




Analysis of differences in two-way associations



Table structure

-------------------------------------------------------------------------------
            Name      Label                                   N. of categories
-------------------------------------------------------------------------------
Row         O         O                                                5
Column      D         D                                                5
Layer       C         C                                                6
-------------------------------------------------------------------------------


Model specification

-------------------------------------------------------------------------------
Layer effect:            multiplicative
R-C association pattern: column effects
Additional variables:    none      
-------------------------------------------------------------------------------


Goodness-of-fit statistics

-------------------------------------------------------------------------------
Model               N    df      X2     p       G2     p     rG2     BIC     DI
-------------------------------------------------------------------------------
Cond. indep.      1972   96    706.1  0.00    734.7  0.00    0.0      6.4  20.7
Null effect       1972   92    528.2  0.00    105.5  0.16   85.6   -592.4   5.3
Multipl. effect   1972   87    443.3  0.00    101.6  0.14   86.2   -558.4   5.4
-------------------------------------------------------------------------------


Phi parameters (layer scores)

----------------------------------------------
        C |        Raw    Scaled 1    Scaled 2
----------+-----------------------------------
        1 |     4.9572      1.0000      0.4961
        2 |     3.9841      0.8037      0.3988
        3 |     4.2727      0.8619      0.4276
        4 |     3.9723      0.8013      0.3976
        5 |     4.1450      0.8362      0.4149
        6 |     2.8577      0.5765      0.2860
----------------------------------------------


Psi parameters (R-C association scores)

--------------------------------------------------
          |                   D                   
        O |      1       2       3       4       5
----------+---------------------------------------
        1 |   0.00    0.12    0.29    0.53    1.08
        2 |   0.00    0.24    0.58    1.06    2.16
        3 |   0.00    0.36    0.87    1.59    3.24
        4 |   0.00    0.48    1.16    2.12    4.33
        5 |   0.00    0.60    1.45    2.65    5.41
--------------------------------------------------


Kappa indices

------------------
        C |  Kappa
----------+-------
        1 |   2.68
        2 |   2.16
        3 |   2.31
        4 |   2.15
        5 |   2.24
        6 |   1.55
------------------


 
Modelo: rce
 


Iteration 1:     deviance =    10.7055
Iteration 2:     deviance =     1.7049
Iteration 3:     deviance =     0.2255
Iteration 4:     deviance =     0.0264
Iteration 5:     deviance =     0.0031
Iteration 6:     deviance =     0.0004




Analysis of differences in two-way associations



Table structure

-------------------------------------------------------------------------------
            Name      Label                                   N. of categories
-------------------------------------------------------------------------------
Row         O         O                                                5
Column      D         D                                                5
Layer       C         C                                                6
-------------------------------------------------------------------------------


Model specification

-------------------------------------------------------------------------------
Layer effect:            multiplicative
R-C association pattern: row & column effects I
Additional variables:    none      
-------------------------------------------------------------------------------


Goodness-of-fit statistics

-------------------------------------------------------------------------------
Model               N    df      X2     p       G2     p     rG2     BIC     DI
-------------------------------------------------------------------------------
Cond. indep.      1972   96    706.1  0.00    734.7  0.00    0.0      6.4  20.7
Null effect       1972   89    434.3  0.00    104.1  0.13   85.8   -571.1   5.3
Multipl. effect   1972   84    372.7  0.00    100.9  0.10   86.3   -536.4   5.3
-------------------------------------------------------------------------------


Phi parameters (layer scores)

----------------------------------------------
        C |        Raw    Scaled 1    Scaled 2
----------+-----------------------------------
        1 |     4.8331      1.0000      0.4931
        2 |     3.9323      0.8136      0.4012
        3 |     4.1513      0.8589      0.4235
        4 |     3.8736      0.8015      0.3952
        5 |     4.1046      0.8493      0.4187
        6 |     2.8597      0.5917      0.2917
----------------------------------------------


Psi parameters (R-C association scores)

--------------------------------------------------
          |                   D                   
        O |      1       2       3       4       5
----------+---------------------------------------
        1 |   0.00   -0.14   -0.24   -0.28    0.00
        2 |   0.25    0.21    0.26    0.43    1.23
        3 |   0.52    0.61    0.84    1.25    2.59
        4 |   0.78    0.99    1.39    2.02    3.90
        5 |   1.06    1.42    2.00    2.88    5.32
--------------------------------------------------


Kappa indices

------------------
        C |  Kappa
----------+-------
        1 |   2.57
        2 |   2.09
        3 |   2.20
        4 |   2.06
        5 |   2.18
        6 |   1.52
------------------


 
Modelo: hrce
 


Iteration 1:     deviance =    11.1318
Iteration 2:     deviance =     1.3363
Iteration 3:     deviance =     0.1093
Iteration 4:     deviance =     0.0092
Iteration 5:     deviance =     0.0008
Iteration 6:     deviance =     0.0001




Analysis of differences in two-way associations



Table structure

-------------------------------------------------------------------------------
            Name      Label                                   N. of categories
-------------------------------------------------------------------------------
Row         O         O                                                5
Column      D         D                                                5
Layer       C         C                                                6
-------------------------------------------------------------------------------


Model specification

-------------------------------------------------------------------------------
Layer effect:            multiplicative
R-C association pattern: homogeneous row & column effects I
Additional variables:    none      
-------------------------------------------------------------------------------


Goodness-of-fit statistics

-------------------------------------------------------------------------------
Model               N    df      X2     p       G2     p     rG2     BIC     DI
-------------------------------------------------------------------------------
Cond. indep.      1972   96    706.1  0.00    734.7  0.00    0.0      6.4  20.7
Null effect       1972   92    146.5  0.00    111.7  0.08   84.8   -586.3   5.7
Multipl. effect   1972   87    138.6  0.00    109.2  0.05   85.1   -550.9   5.8
-------------------------------------------------------------------------------


Phi parameters (layer scores)

----------------------------------------------
        C |        Raw    Scaled 1    Scaled 2
----------+-----------------------------------
        1 |     4.7124      1.0000      0.4817
        2 |     3.9802      0.8446      0.4069
        3 |     4.0707      0.8638      0.4161
        4 |     3.8546      0.8180      0.3941
        5 |     4.1482      0.8803      0.4241
        6 |     3.0006      0.6368      0.3067
----------------------------------------------


Psi parameters (R-C association scores)

--------------------------------------------------
          |                   D                   
        O |      1       2       3       4       5
----------+---------------------------------------
        1 |   0.00    0.04    0.12    0.21    0.36
        2 |   0.04    0.17    0.36    0.60    0.93
        3 |   0.12    0.36    0.70    1.10    1.65
        4 |   0.21    0.60    1.10    1.69    2.48
        5 |   0.36    0.93    1.65    2.48    3.56
--------------------------------------------------


Kappa indices

------------------
        C |  Kappa
----------+-------
        1 |   1.68
        2 |   1.42
        3 |   1.45
        4 |   1.37
        5 |   1.48
        6 |   1.07
------------------



. 
. log close
      name:  <unnamed>
       log:  C:\Users\Christian\Desktop\2018\unidiff.log
  log type:  text
 closed on:  17 Sep 2020, 23:47:56
---------------------------------------------------------------------------------------------------------------------
