---------------------------------------------------------------------------------------------------------------------
      name:  <unnamed>
       log:  C:\Users\Christian\Desktop\2017\unidiff.log
  log type:  text
 opened on:  18 Sep 2020, 00:12:24

. set more off

. 
. /* Abrir dataset*/
. use datapadre.dta, clear

. 
. /* Estimación del modelo */
. 
. foreach pattern in fi qpm qs cp  ua re ce rce hrce {
  2. 
. disp " "
  3. disp "Modelo: `pattern'"
  4. disp " "
  5. 
. unidiff FRE, row(O) column(D) layer(C) effect(mult) pattern(`pattern') refcat(1) 
  6. 
. }
 
Modelo: fi
 


Iteration 1:     deviance =     9.0956
Iteration 2:     deviance =     1.1881
Iteration 3:     deviance =     0.1808
Iteration 4:     deviance =     0.0302
Iteration 5:     deviance =     0.0050
Iteration 6:     deviance =     0.0008
Iteration 7:     deviance =     0.0001




Analysis of differences in two-way associations



Table structure

-------------------------------------------------------------------------------
            Name      Label                                   N. of categories
-------------------------------------------------------------------------------
Row         O         O                                                5
Column      D         D                                                5
Layer       C         C                                                6
-------------------------------------------------------------------------------


Model specification

-------------------------------------------------------------------------------
Layer effect:            multiplicative
R-C association pattern: full interaction
Additional variables:    none      
-------------------------------------------------------------------------------


Goodness-of-fit statistics

-------------------------------------------------------------------------------
Model               N    df      X2     p       G2     p     rG2     BIC     DI
-------------------------------------------------------------------------------
Cond. indep.      2379   96    793.8  0.00    751.5  0.00   -0.0      5.2  18.2
Null effect       2379   80     82.1  0.42     84.4  0.35   88.8   -537.6   4.6
Multipl. effect   2379   75     75.7  0.46     77.7  0.39   89.7   -505.4   4.5
-------------------------------------------------------------------------------


Phi parameters (layer scores)

----------------------------------------------
        C |        Raw    Scaled 1    Scaled 2
----------+-----------------------------------
        1 |     3.5925      1.0000      0.3609
        2 |     3.3127      0.9221      0.3328
        3 |     3.6672      1.0208      0.3684
        4 |     4.0509      1.1276      0.4070
        5 |     3.9227      1.0919      0.3941
        6 |     5.4736      1.5236      0.5499
----------------------------------------------


Psi parameters (R-C association scores)

--------------------------------------------------
          |                   D                   
        O |      1       2       3       4       5
----------+---------------------------------------
        1 |   0.00    0.00    0.00    0.00    0.00
        2 |   0.00    0.22    0.13    0.27    0.31
        3 |   0.00    0.35    0.52    0.51    4.30
        4 |   0.00    0.46    0.73    1.05    4.78
        5 |   0.00    0.57    1.00    1.55    5.64
--------------------------------------------------


Kappa indices

------------------
        C |  Kappa
----------+-------
        1 |   3.11
        2 |   2.87
        3 |   3.17
        4 |   3.51
        5 |   3.39
        6 |   4.74
------------------


 
Modelo: qpm
 


Iteration 1:     deviance =    32.8809
Iteration 2:     deviance =     1.3889
Iteration 3:     deviance =     0.1907
Iteration 4:     deviance =     0.0311
Iteration 5:     deviance =     0.0051
Iteration 6:     deviance =     0.0008
Iteration 7:     deviance =     0.0001




Analysis of differences in two-way associations



Table structure

-------------------------------------------------------------------------------
            Name      Label                                   N. of categories
-------------------------------------------------------------------------------
Row         O         O                                                5
Column      D         D                                                5
Layer       C         C                                                6
-------------------------------------------------------------------------------


Model specification

-------------------------------------------------------------------------------
Layer effect:            multiplicative
R-C association pattern: quasi-perfect mobility
Additional variables:    none      
-------------------------------------------------------------------------------


Goodness-of-fit statistics

-------------------------------------------------------------------------------
Model               N    df      X2     p       G2     p     rG2     BIC     DI
-------------------------------------------------------------------------------
Cond. indep.      2379   96    793.8  0.00    751.5  0.00   -0.0      5.2  18.2
Null effect       2379   91    475.0  0.00    452.7  0.00   39.8   -254.7  12.5
Multipl. effect   2379   86    462.3  0.00    443.4  0.00   41.0   -225.2  12.2
-------------------------------------------------------------------------------


Phi parameters (layer scores)

----------------------------------------------
        C |        Raw    Scaled 1    Scaled 2
----------+-----------------------------------
        1 |     3.2726      1.0000      0.3278
        2 |     3.2462      0.9919      0.3252
        3 |     5.0198      1.5339      0.5028
        4 |     3.2461      0.9919      0.3251
        5 |     4.6377      1.4171      0.4645
        6 |     4.6023      1.4063      0.4610
----------------------------------------------


Psi parameters (R-C association scores)

--------------------------------------------------
          |                   D                   
        O |      1       2       3       4       5
----------+---------------------------------------
        1 |   0.59    0.00    0.00    0.00    0.00
        2 |   0.00    0.13    0.00    0.00    0.00
        3 |   0.00    0.00   -0.01    0.00    0.00
        4 |   0.00    0.00    0.00    0.03    0.00
        5 |   0.00    0.00    0.00    0.00    0.55
--------------------------------------------------


Kappa indices

------------------
        C |  Kappa
----------+-------
        1 |   0.45
        2 |   0.45
        3 |   0.69
        4 |   0.45
        5 |   0.64
        6 |   0.63
------------------


 
Modelo: qs
 


Iteration 1:     deviance =     9.2605
Iteration 2:     deviance =     0.9157
Iteration 3:     deviance =     0.1170
Iteration 4:     deviance =     0.0161
Iteration 5:     deviance =     0.0022
Iteration 6:     deviance =     0.0003




Analysis of differences in two-way associations



Table structure

-------------------------------------------------------------------------------
            Name      Label                                   N. of categories
-------------------------------------------------------------------------------
Row         O         O                                                5
Column      D         D                                                5
Layer       C         C                                                6
-------------------------------------------------------------------------------


Model specification

-------------------------------------------------------------------------------
Layer effect:            multiplicative
R-C association pattern: quasi-symmetry
Additional variables:    none      
-------------------------------------------------------------------------------


Goodness-of-fit statistics

-------------------------------------------------------------------------------
Model               N    df      X2     p       G2     p     rG2     BIC     DI
-------------------------------------------------------------------------------
Cond. indep.      2379   96    793.8  0.00    751.5  0.00   -0.0      5.2  18.2
Null effect       2379   86    105.2  0.08     95.4  0.23   87.3   -573.2   4.9
Multipl. effect   2379   81     95.3  0.13     88.0  0.28   88.3   -541.7   4.9
-------------------------------------------------------------------------------


Phi parameters (layer scores)

----------------------------------------------
        C |        Raw    Scaled 1    Scaled 2
----------+-----------------------------------
        1 |     3.3027      1.0000      0.3367
        2 |     3.2239      0.9761      0.3287
        3 |     3.5426      1.0726      0.3612
        4 |     4.0762      1.2342      0.4156
        5 |     3.9706      1.2022      0.4048
        6 |     5.4733      1.6573      0.5581
----------------------------------------------


Psi parameters (R-C association scores)

--------------------------------------------------
          |                   D                   
        O |      1       2       3       4       5
----------+---------------------------------------
        1 |   0.00   -0.11   -0.27   -0.63   -1.32
        2 |  -0.11    0.00   -0.10   -0.33   -0.90
        3 |  -0.27   -0.10    0.00   -0.14   -0.55
        4 |  -0.63   -0.33   -0.14    0.00   -0.17
        5 |  -1.32   -0.90   -0.55   -0.17    0.00
--------------------------------------------------


Kappa indices

------------------
        C |  Kappa
----------+-------
        1 |   1.09
        2 |   1.06
        3 |   1.17
        4 |   1.34
        5 |   1.31
        6 |   1.80
------------------


 
Modelo: cp
 


Iteration 1:     deviance =    25.3114
Iteration 2:     deviance =     0.7727
Iteration 3:     deviance =     0.0929
Iteration 4:     deviance =     0.0099
Iteration 5:     deviance =     0.0010
Iteration 6:     deviance =     0.0001




Analysis of differences in two-way associations



Table structure

-------------------------------------------------------------------------------
            Name      Label                                   N. of categories
-------------------------------------------------------------------------------
Row         O         O                                                5
Column      D         D                                                5
Layer       C         C                                                6
-------------------------------------------------------------------------------


Model specification

-------------------------------------------------------------------------------
Layer effect:            multiplicative
R-C association pattern: crossing parameters
Additional variables:    none      
-------------------------------------------------------------------------------


Goodness-of-fit statistics

-------------------------------------------------------------------------------
Model               N    df      X2     p       G2     p     rG2     BIC     DI
-------------------------------------------------------------------------------
Cond. indep.      2379   96    793.8  0.00    751.5  0.00   -0.0      5.2  18.2
Null effect       2379   92    231.5  0.00    238.8  0.00   68.2   -476.4  11.1
Multipl. effect   2379   87    226.2  0.00    235.7  0.00   68.6   -440.7  11.1
-------------------------------------------------------------------------------


Phi parameters (layer scores)

----------------------------------------------
        C |        Raw    Scaled 1    Scaled 2
----------+-----------------------------------
        1 |     3.1697      1.0000      0.3304
        2 |     3.3028      1.0420      0.3443
        3 |     4.0903      1.2904      0.4264
        4 |     3.9757      1.2543      0.4145
        5 |     4.0885      1.2899      0.4262
        6 |     4.6692      1.4731      0.4868
----------------------------------------------


Psi parameters (R-C association scores)

--------------------------------------------------
          |                   D                   
        O |      1       2       3       4       5
----------+---------------------------------------
        1 |   0.00   -0.17   -0.35   -0.57   -0.82
        2 |  -0.17    0.00   -0.18   -0.39   -0.65
        3 |  -0.35   -0.18    0.00   -0.22   -0.47
        4 |  -0.57   -0.39   -0.22    0.00   -0.26
        5 |  -0.82   -0.65   -0.47   -0.26    0.00
--------------------------------------------------


Kappa indices

------------------
        C |  Kappa
----------+-------
        1 |   0.71
        2 |   0.74
        3 |   0.92
        4 |   0.89
        5 |   0.92
        6 |   1.05
------------------


 
Modelo: ua
 


Iteration 1:     deviance =    12.6605
Iteration 2:     deviance =     0.0000




Analysis of differences in two-way associations



Table structure

-------------------------------------------------------------------------------
            Name      Label                                   N. of categories
-------------------------------------------------------------------------------
Row         O         O                                                5
Column      D         D                                                5
Layer       C         C                                                6
-------------------------------------------------------------------------------


Model specification

-------------------------------------------------------------------------------
Layer effect:            multiplicative
R-C association pattern: uniform association
Additional variables:    none      
-------------------------------------------------------------------------------


Goodness-of-fit statistics

-------------------------------------------------------------------------------
Model               N    df      X2     p       G2     p     rG2     BIC     DI
-------------------------------------------------------------------------------
Cond. indep.      2379   96    793.8  0.00    751.5  0.00   -0.0      5.2  18.2
Null effect       2379   95    136.7  0.00    128.1  0.01   83.0   -610.5   6.2
Multipl. effect   2379   90    123.8  0.01    122.8  0.01   83.7   -576.9   6.1
-------------------------------------------------------------------------------


Phi parameters (layer scores)

----------------------------------------------
        C |        Raw    Scaled 1    Scaled 2
----------+-----------------------------------
        1 |     3.7904      1.0000      0.3823
        2 |     3.3720      0.8896      0.3401
        3 |     3.5781      0.9440      0.3609
        4 |     4.0705      1.0739      0.4105
        5 |     4.2209      1.1136      0.4257
        6 |     5.0393      1.3295      0.5082
----------------------------------------------


Psi parameters (R-C association scores)

--------------------------------------------------
          |                   D                   
        O |      1       2       3       4       5
----------+---------------------------------------
        1 |   0.14    0.29    0.43    0.58    0.72
        2 |   0.29    0.58    0.87    1.15    1.44
        3 |   0.43    0.87    1.30    1.73    2.16
        4 |   0.58    1.15    1.73    2.31    2.89
        5 |   0.72    1.44    2.16    2.89    3.61
--------------------------------------------------


Kappa indices

------------------
        C |  Kappa
----------+-------
        1 |   1.09
        2 |   0.97
        3 |   1.03
        4 |   1.17
        5 |   1.22
        6 |   1.45
------------------


 
Modelo: re
 


Iteration 1:     deviance =     8.8290
Iteration 2:     deviance =     0.2701
Iteration 3:     deviance =     0.0095
Iteration 4:     deviance =     0.0006
Iteration 5:     deviance =     0.0000




Analysis of differences in two-way associations



Table structure

-------------------------------------------------------------------------------
            Name      Label                                   N. of categories
-------------------------------------------------------------------------------
Row         O         O                                                5
Column      D         D                                                5
Layer       C         C                                                6
-------------------------------------------------------------------------------


Model specification

-------------------------------------------------------------------------------
Layer effect:            multiplicative
R-C association pattern: row effects
Additional variables:    none      
-------------------------------------------------------------------------------


Goodness-of-fit statistics

-------------------------------------------------------------------------------
Model               N    df      X2     p       G2     p     rG2     BIC     DI
-------------------------------------------------------------------------------
Cond. indep.      2379   96    793.8  0.00    751.5  0.00   -0.0      5.2  18.2
Null effect       2379   92    119.4  0.03    114.9  0.05   84.7   -600.3   5.9
Multipl. effect   2379   87    107.7  0.07    106.7  0.07   85.8   -569.6   5.7
-------------------------------------------------------------------------------


Phi parameters (layer scores)

----------------------------------------------
        C |        Raw    Scaled 1    Scaled 2
----------+-----------------------------------
        1 |     3.7269      1.0000      0.3697
        2 |     3.3102      0.8882      0.3283
        3 |     3.4886      0.9361      0.3460
        4 |     4.0550      1.0881      0.4022
        5 |     4.0457      1.0855      0.4013
        6 |     5.6407      1.5135      0.5595
----------------------------------------------


Psi parameters (R-C association scores)

--------------------------------------------------
          |                   D                   
        O |      1       2       3       4       5
----------+---------------------------------------
        1 |   0.00    0.00    0.00    0.00    0.00
        2 |   0.09    0.18    0.26    0.35    0.44
        3 |   0.24    0.48    0.73    0.97    1.21
        4 |   0.38    0.76    1.14    1.51    1.89
        5 |   0.59    1.19    1.78    2.38    2.97
--------------------------------------------------


Kappa indices

------------------
        C |  Kappa
----------+-------
        1 |   1.11
        2 |   0.99
        3 |   1.04
        4 |   1.21
        5 |   1.21
        6 |   1.69
------------------


 
Modelo: ce
 


Iteration 1:     deviance =     7.9206
Iteration 2:     deviance =     0.4174
Iteration 3:     deviance =     0.0230
Iteration 4:     deviance =     0.0014
Iteration 5:     deviance =     0.0001




Analysis of differences in two-way associations



Table structure

-------------------------------------------------------------------------------
            Name      Label                                   N. of categories
-------------------------------------------------------------------------------
Row         O         O                                                5
Column      D         D                                                5
Layer       C         C                                                6
-------------------------------------------------------------------------------


Model specification

-------------------------------------------------------------------------------
Layer effect:            multiplicative
R-C association pattern: column effects
Additional variables:    none      
-------------------------------------------------------------------------------


Goodness-of-fit statistics

-------------------------------------------------------------------------------
Model               N    df      X2     p       G2     p     rG2     BIC     DI
-------------------------------------------------------------------------------
Cond. indep.      2379   96    793.8  0.00    751.5  0.00   -0.0      5.2  18.2
Null effect       2379   92    130.0  0.01    106.1  0.15   85.9   -609.2   5.2
Multipl. effect   2379   87    112.3  0.04     96.8  0.22   87.1   -579.5   5.1
-------------------------------------------------------------------------------


Phi parameters (layer scores)

----------------------------------------------
        C |        Raw    Scaled 1    Scaled 2
----------+-----------------------------------
        1 |     3.1472      1.0000      0.3201
        2 |     3.2017      1.0173      0.3256
        3 |     3.4352      1.0915      0.3494
        4 |     4.0694      1.2930      0.4139
        5 |     4.0651      1.2917      0.4134
        6 |     5.6241      1.7870      0.5720
----------------------------------------------


Psi parameters (R-C association scores)

--------------------------------------------------
          |                   D                   
        O |      1       2       3       4       5
----------+---------------------------------------
        1 |   0.00    0.14    0.25    0.49    0.81
        2 |   0.00    0.29    0.51    0.98    1.61
        3 |   0.00    0.43    0.76    1.47    2.42
        4 |   0.00    0.57    1.01    1.96    3.23
        5 |   0.00    0.72    1.27    2.45    4.04
--------------------------------------------------


Kappa indices

------------------
        C |  Kappa
----------+-------
        1 |   1.26
        2 |   1.28
        3 |   1.38
        4 |   1.63
        5 |   1.63
        6 |   2.26
------------------


 
Modelo: rce
 


Iteration 1:     deviance =     9.1003
Iteration 2:     deviance =     0.3363
Iteration 3:     deviance =     0.0153
Iteration 4:     deviance =     0.0012
Iteration 5:     deviance =     0.0001




Analysis of differences in two-way associations



Table structure

-------------------------------------------------------------------------------
            Name      Label                                   N. of categories
-------------------------------------------------------------------------------
Row         O         O                                                5
Column      D         D                                                5
Layer       C         C                                                6
-------------------------------------------------------------------------------


Model specification

-------------------------------------------------------------------------------
Layer effect:            multiplicative
R-C association pattern: row & column effects I
Additional variables:    none      
-------------------------------------------------------------------------------


Goodness-of-fit statistics

-------------------------------------------------------------------------------
Model               N    df      X2     p       G2     p     rG2     BIC     DI
-------------------------------------------------------------------------------
Cond. indep.      2379   96    793.8  0.00    751.5  0.00   -0.0      5.2  18.2
Null effect       2379   89    122.5  0.01    104.4  0.13   86.1   -587.5   5.1
Multipl. effect   2379   84    103.8  0.07     94.0  0.21   87.5   -559.0   5.0
-------------------------------------------------------------------------------


Phi parameters (layer scores)

----------------------------------------------
        C |        Raw    Scaled 1    Scaled 2
----------+-----------------------------------
        1 |     3.1601      1.0000      0.3171
        2 |     3.2163      1.0178      0.3227
        3 |     3.4090      1.0787      0.3420
        4 |     4.0452      1.2801      0.4059
        5 |     4.0272      1.2744      0.4041
        6 |     5.8997      1.8669      0.5919
----------------------------------------------


Psi parameters (R-C association scores)

--------------------------------------------------
          |                   D                   
        O |      1       2       3       4       5
----------+---------------------------------------
        1 |   0.00   -0.04   -0.12   -0.10    0.00
        2 |   0.14    0.20    0.18    0.38    0.71
        3 |   0.36    0.60    0.71    1.15    1.80
        4 |   0.55    0.93    1.15    1.80    2.73
        5 |   0.77    1.33    1.68    2.58    3.83
--------------------------------------------------


Kappa indices

------------------
        C |  Kappa
----------+-------
        1 |   1.21
        2 |   1.23
        3 |   1.31
        4 |   1.55
        5 |   1.54
        6 |   2.26
------------------


 
Modelo: hrce
 


Iteration 1:     deviance =     8.6285
Iteration 2:     deviance =     0.4333
Iteration 3:     deviance =     0.0151
Iteration 4:     deviance =     0.0006
Iteration 5:     deviance =     0.0000




Analysis of differences in two-way associations



Table structure

-------------------------------------------------------------------------------
            Name      Label                                   N. of categories
-------------------------------------------------------------------------------
Row         O         O                                                5
Column      D         D                                                5
Layer       C         C                                                6
-------------------------------------------------------------------------------


Model specification

-------------------------------------------------------------------------------
Layer effect:            multiplicative
R-C association pattern: homogeneous row & column effects I
Additional variables:    none      
-------------------------------------------------------------------------------


Goodness-of-fit statistics

-------------------------------------------------------------------------------
Model               N    df      X2     p       G2     p     rG2     BIC     DI
-------------------------------------------------------------------------------
Cond. indep.      2379   96    793.8  0.00    751.5  0.00   -0.0      5.2  18.2
Null effect       2379   92    116.0  0.05    110.5  0.09   85.3   -604.8   5.8
Multipl. effect   2379   87    103.9  0.10    101.4  0.14   86.5   -574.9   5.7
-------------------------------------------------------------------------------


Phi parameters (layer scores)

----------------------------------------------
        C |        Raw    Scaled 1    Scaled 2
----------+-----------------------------------
        1 |     3.6374      1.0000      0.3618
        2 |     3.2274      0.8873      0.3210
        3 |     3.4422      0.9463      0.3424
        4 |     4.0155      1.1040      0.3994
        5 |     4.0595      1.1160      0.4038
        6 |     5.7428      1.5788      0.5712
----------------------------------------------


Psi parameters (R-C association scores)

--------------------------------------------------
          |                   D                   
        O |      1       2       3       4       5
----------+---------------------------------------
        1 |   0.00    0.07    0.11    0.20    0.34
        2 |   0.07    0.28    0.44    0.69    1.03
        3 |   0.11    0.44    0.69    1.07    1.60
        4 |   0.20    0.69    1.07    1.63    2.38
        5 |   0.34    1.03    1.60    2.38    3.41
--------------------------------------------------


Kappa indices

------------------
        C |  Kappa
----------+-------
        1 |   1.20
        2 |   1.07
        3 |   1.14
        4 |   1.33
        5 |   1.34
        6 |   1.90
------------------



. 
. log close
      name:  <unnamed>
       log:  C:\Users\Christian\Desktop\2017\unidiff.log
  log type:  text
 closed on:  18 Sep 2020, 00:16:39
---------------------------------------------------------------------------------------------------------------------
