---------------------------------------------------------------------------------------------------------------------
      name:  <unnamed>
       log:  C:\Users\Christian\Desktop\2018\MODELO TEORICO\unidiff.log
  log type:  text
 opened on:  17 Sep 2020, 10:11:26

. set more off

. 
. /* Abrir dataset*/
. use Movilidad_PADREHIJO_PERU_2018.dta, clear

. 
. /* Estimación del modelo */
. 
. foreach pattern in fi qpm qs cp  ua re ce rce hrce {
  2. 
. disp " "
  3. disp "Modelo: `pattern'"
  4. disp " "
  5. 
. unidiff FRE, row(O) column(D) layer(C) effect(mult) pattern(`pattern') refcat(1) 
  6. 
. }
 
Modelo: fi
 


Iteration 1:     deviance =    48.7443
Iteration 2:     deviance =    38.9036
Iteration 3:     deviance =     4.9136
Iteration 4:     deviance =     0.5885
Iteration 5:     deviance =     0.0697
Iteration 6:     deviance =     0.0082
Iteration 7:     deviance =     0.0010
Iteration 8:     deviance =     0.0002




Analysis of differences in two-way associations



Table structure

-------------------------------------------------------------------------------
            Name      Label                                   N. of categories
-------------------------------------------------------------------------------
Row         O         O                                                5
Column      D         D                                                5
Layer       C         C                                                6
-------------------------------------------------------------------------------


Model specification

-------------------------------------------------------------------------------
Layer effect:            multiplicative
R-C association pattern: full interaction
Additional variables:    none      
-------------------------------------------------------------------------------


Goodness-of-fit statistics

-------------------------------------------------------------------------------
Model               N    df      X2     p       G2     p     rG2     BIC     DI
-------------------------------------------------------------------------------
Cond. indep.     29136   96  10131.2  0.00   9614.5  0.00    0.0   8627.6  19.8
Null effect      29136   80    118.4  0.00    117.2  0.00   98.8   -705.2   1.3
Multipl. effect  29136   75    109.3  0.01    105.4  0.01   98.9   -665.6   1.2
-------------------------------------------------------------------------------


Phi parameters (layer scores)

----------------------------------------------
        C |        Raw    Scaled 1    Scaled 2
----------+-----------------------------------
        1 |     5.0772      1.0000      0.4889
        2 |     4.3818      0.8630      0.4219
        3 |     4.0695      0.8015      0.3919
        4 |     3.9967      0.7872      0.3849
        5 |     3.9967      0.7872      0.3849
        6 |     3.7885      0.7462      0.3648
----------------------------------------------


Psi parameters (R-C association scores)

--------------------------------------------------
          |                   D                   
        O |      1       2       3       4       5
----------+---------------------------------------
        1 |   0.00    0.00    0.00    0.00    0.00
        2 |   0.00    0.25    0.20    0.25    0.10
        3 |   0.00    0.22    0.42    0.52    0.39
        4 |   0.00    0.35    0.73    1.13    0.93
        5 |   0.00    0.48    1.05    1.70    1.87
--------------------------------------------------


Kappa indices

------------------
        C |  Kappa
----------+-------
        1 |   1.36
        2 |   1.17
        3 |   1.09
        4 |   1.07
        5 |   1.07
        6 |   1.01
------------------


 
Modelo: qpm
 


Iteration 1:     deviance =   486.6895
Iteration 2:     deviance =    50.6099
Iteration 3:     deviance =    11.4332
Iteration 4:     deviance =     2.3699
Iteration 5:     deviance =     0.4862
Iteration 6:     deviance =     0.0997
Iteration 7:     deviance =     0.0204
Iteration 8:     deviance =     0.0042
Iteration 9:     deviance =     0.0009
Iteration 10:    deviance =     0.0002




Analysis of differences in two-way associations



Table structure

-------------------------------------------------------------------------------
            Name      Label                                   N. of categories
-------------------------------------------------------------------------------
Row         O         O                                                5
Column      D         D                                                5
Layer       C         C                                                6
-------------------------------------------------------------------------------


Model specification

-------------------------------------------------------------------------------
Layer effect:            multiplicative
R-C association pattern: quasi-perfect mobility
Additional variables:    none      
-------------------------------------------------------------------------------


Goodness-of-fit statistics

-------------------------------------------------------------------------------
Model               N    df      X2     p       G2     p     rG2     BIC     DI
-------------------------------------------------------------------------------
Cond. indep.     29136   96  10131.2  0.00   9614.5  0.00    0.0   8627.6  19.8
Null effect      29136   91   6410.0  0.00   5824.7  0.00   39.4   4889.2  12.0
Multipl. effect  29136   86   6504.4  0.00   5778.4  0.00   39.9   4894.4  11.8
-------------------------------------------------------------------------------


Phi parameters (layer scores)

----------------------------------------------
        C |        Raw    Scaled 1    Scaled 2
----------+-----------------------------------
        1 |     4.3544      1.0000      0.4560
        2 |     4.2973      0.9869      0.4500
        3 |     4.2551      0.9772      0.4456
        4 |     3.8844      0.8921      0.4068
        5 |     3.8844      0.8921      0.4068
        6 |     2.3425      0.5380      0.2453
----------------------------------------------


Psi parameters (R-C association scores)

--------------------------------------------------
          |                   D                   
        O |      1       2       3       4       5
----------+---------------------------------------
        1 |   0.73    0.00    0.00    0.00    0.00
        2 |   0.00    0.38    0.00    0.00    0.00
        3 |   0.00    0.00    0.05    0.00    0.00
        4 |   0.00    0.00    0.00   -0.13    0.00
        5 |   0.00    0.00    0.00    0.00    0.58
--------------------------------------------------


Kappa indices

------------------
        C |  Kappa
----------+-------
        1 |   0.74
        2 |   0.73
        3 |   0.72
        4 |   0.66
        5 |   0.66
        6 |   0.40
------------------


 
Modelo: qs
 


Iteration 1:     deviance =    48.5187
Iteration 2:     deviance =    34.6318
Iteration 3:     deviance =     3.4177
Iteration 4:     deviance =     0.3412
Iteration 5:     deviance =     0.0338
Iteration 6:     deviance =     0.0034
Iteration 7:     deviance =     0.0002




Analysis of differences in two-way associations



Table structure

-------------------------------------------------------------------------------
            Name      Label                                   N. of categories
-------------------------------------------------------------------------------
Row         O         O                                                5
Column      D         D                                                5
Layer       C         C                                                6
-------------------------------------------------------------------------------


Model specification

-------------------------------------------------------------------------------
Layer effect:            multiplicative
R-C association pattern: quasi-symmetry
Additional variables:    none      
-------------------------------------------------------------------------------


Goodness-of-fit statistics

-------------------------------------------------------------------------------
Model               N    df      X2     p       G2     p     rG2     BIC     DI
-------------------------------------------------------------------------------
Cond. indep.     29136   96  10131.2  0.00   9614.5  0.00    0.0   8627.6  19.8
Null effect      29136   86    452.8  0.00    184.2  0.00   98.1   -699.9   1.4
Multipl. effect  29136   81    456.8  0.00    178.0  0.00   98.1   -654.7   1.4
-------------------------------------------------------------------------------


Phi parameters (layer scores)

----------------------------------------------
        C |        Raw    Scaled 1    Scaled 2
----------+-----------------------------------
        1 |     4.8585      1.0000      0.4730
        2 |     4.2764      0.8802      0.4163
        3 |     4.0539      0.8344      0.3947
        4 |     4.0211      0.8276      0.3915
        5 |     4.0211      0.8276      0.3915
        6 |     3.8541      0.7933      0.3752
----------------------------------------------


Psi parameters (R-C association scores)

--------------------------------------------------
          |                   D                   
        O |      1       2       3       4       5
----------+---------------------------------------
        1 |   0.00   -0.12   -0.20   -0.64   -1.39
        2 |  -0.12    0.00   -0.11   -0.42   -1.04
        3 |  -0.20   -0.11    0.00   -0.13   -0.57
        4 |  -0.64   -0.42   -0.13    0.00   -0.18
        5 |  -1.39   -1.04   -0.57   -0.18    0.00
--------------------------------------------------


Kappa indices

------------------
        C |  Kappa
----------+-------
        1 |   1.74
        2 |   1.53
        3 |   1.45
        4 |   1.44
        5 |   1.44
        6 |   1.38
------------------


 
Modelo: cp
 


Iteration 1:     deviance =   477.0214
Iteration 2:     deviance =    18.8870
Iteration 3:     deviance =     2.2899
Iteration 4:     deviance =     0.2574
Iteration 5:     deviance =     0.0286
Iteration 6:     deviance =     0.0032
Iteration 7:     deviance =     0.0004




Analysis of differences in two-way associations



Table structure

-------------------------------------------------------------------------------
            Name      Label                                   N. of categories
-------------------------------------------------------------------------------
Row         O         O                                                5
Column      D         D                                                5
Layer       C         C                                                6
-------------------------------------------------------------------------------


Model specification

-------------------------------------------------------------------------------
Layer effect:            multiplicative
R-C association pattern: crossing parameters
Additional variables:    none      
-------------------------------------------------------------------------------


Goodness-of-fit statistics

-------------------------------------------------------------------------------
Model               N    df      X2     p       G2     p     rG2     BIC     DI
-------------------------------------------------------------------------------
Cond. indep.     29136   96  10131.2  0.00   9614.5  0.00    0.0   8627.6  19.8
Null effect      29136   92   3079.5  0.00   3291.1  0.00   65.8   2345.3  13.1
Multipl. effect  29136   87   3079.8  0.00   3289.9  0.00   65.8   2395.6  13.2
-------------------------------------------------------------------------------


Phi parameters (layer scores)

----------------------------------------------
        C |        Raw    Scaled 1    Scaled 2
----------+-----------------------------------
        1 |     3.9290      1.0000      0.4141
        2 |     3.9388      1.0025      0.4151
        3 |     3.8720      0.9855      0.4081
        4 |     3.9121      0.9957      0.4123
        5 |     3.9121      0.9957      0.4123
        6 |     3.6722      0.9346      0.3870
----------------------------------------------


Psi parameters (R-C association scores)

--------------------------------------------------
          |                   D                   
        O |      1       2       3       4       5
----------+---------------------------------------
        1 |   0.00   -0.15   -0.37   -0.64   -0.89
        2 |  -0.15    0.00   -0.22   -0.49   -0.74
        3 |  -0.37   -0.22    0.00   -0.27   -0.53
        4 |  -0.64   -0.49   -0.27    0.00   -0.26
        5 |  -0.89   -0.74   -0.53   -0.26    0.00
--------------------------------------------------


Kappa indices

------------------
        C |  Kappa
----------+-------
        1 |   1.01
        2 |   1.01
        3 |   0.99
        4 |   1.00
        5 |   1.00
        6 |   0.94
------------------


 
Modelo: ua
 


Iteration 1:     deviance =   129.9285
Iteration 2:     deviance =     0.0000




Analysis of differences in two-way associations



Table structure

-------------------------------------------------------------------------------
            Name      Label                                   N. of categories
-------------------------------------------------------------------------------
Row         O         O                                                5
Column      D         D                                                5
Layer       C         C                                                6
-------------------------------------------------------------------------------


Model specification

-------------------------------------------------------------------------------
Layer effect:            multiplicative
R-C association pattern: uniform association
Additional variables:    none      
-------------------------------------------------------------------------------


Goodness-of-fit statistics

-------------------------------------------------------------------------------
Model               N    df      X2     p       G2     p     rG2     BIC     DI
-------------------------------------------------------------------------------
Cond. indep.     29136   96  10131.2  0.00   9614.5  0.00    0.0   8627.6  19.8
Null effect      29136   95   1406.5  0.00    921.2  0.00   90.4    -55.4   5.3
Multipl. effect  29136   90   1548.7  0.00    877.0  0.00   90.9    -48.2   5.1
-------------------------------------------------------------------------------


Phi parameters (layer scores)

----------------------------------------------
        C |        Raw    Scaled 1    Scaled 2
----------+-----------------------------------
        1 |     6.9009      1.0000      0.5844
        2 |     4.9614      0.7189      0.4202
        3 |     4.4187      0.6403      0.3742
        4 |     4.1634      0.6033      0.3526
        5 |     4.1634      0.6033      0.3526
        6 |     3.6049      0.5224      0.3053
----------------------------------------------


Psi parameters (R-C association scores)

--------------------------------------------------
          |                   D                   
        O |      1       2       3       4       5
----------+---------------------------------------
        1 |   0.18    0.35    0.53    0.70    0.88
        2 |   0.35    0.70    1.05    1.40    1.75
        3 |   0.53    1.05    1.58    2.10    2.63
        4 |   0.70    1.40    2.10    2.80    3.50
        5 |   0.88    1.75    2.63    3.50    4.38
--------------------------------------------------


Kappa indices

------------------
        C |  Kappa
----------+-------
        1 |   2.42
        2 |   1.74
        3 |   1.55
        4 |   1.46
        5 |   1.46
        6 |   1.26
------------------


 
Modelo: re
 


Iteration 1:     deviance =    51.4012
Iteration 2:     deviance =     3.8112
Iteration 3:     deviance =     0.0079
Iteration 4:     deviance =     0.0001




Analysis of differences in two-way associations



Table structure

-------------------------------------------------------------------------------
            Name      Label                                   N. of categories
-------------------------------------------------------------------------------
Row         O         O                                                5
Column      D         D                                                5
Layer       C         C                                                6
-------------------------------------------------------------------------------


Model specification

-------------------------------------------------------------------------------
Layer effect:            multiplicative
R-C association pattern: row effects
Additional variables:    none      
-------------------------------------------------------------------------------


Goodness-of-fit statistics

-------------------------------------------------------------------------------
Model               N    df      X2     p       G2     p     rG2     BIC     DI
-------------------------------------------------------------------------------
Cond. indep.     29136   96  10131.2  0.00   9614.5  0.00    0.0   8627.6  19.8
Null effect      29136   92    469.0  0.00    398.5  0.00   95.9   -547.3   3.1
Multipl. effect  29136   87    437.1  0.00    367.9  0.00   96.2   -526.4   3.0
-------------------------------------------------------------------------------


Phi parameters (layer scores)

----------------------------------------------
        C |        Raw    Scaled 1    Scaled 2
----------+-----------------------------------
        1 |     6.1723      1.0000      0.5451
        2 |     4.8258      0.7818      0.4262
        3 |     4.2711      0.6920      0.3772
        4 |     4.0727      0.6598      0.3597
        5 |     4.0727      0.6598      0.3597
        6 |     3.9262      0.6361      0.3467
----------------------------------------------


Psi parameters (R-C association scores)

--------------------------------------------------
          |                   D                   
        O |      1       2       3       4       5
----------+---------------------------------------
        1 |   0.00    0.00    0.00    0.00    0.00
        2 |   0.09    0.19    0.28    0.38    0.47
        3 |   0.18    0.36    0.54    0.72    0.90
        4 |   0.35    0.71    1.06    1.41    1.76
        5 |   0.60    1.20    1.80    2.40    3.00
--------------------------------------------------


Kappa indices

------------------
        C |  Kappa
----------+-------
        1 |   1.85
        2 |   1.45
        3 |   1.28
        4 |   1.22
        5 |   1.22
        6 |   1.18
------------------


 
Modelo: ce
 


Iteration 1:     deviance =    43.3225
Iteration 2:     deviance =    30.8114
Iteration 3:     deviance =     2.8625
Iteration 4:     deviance =     0.2589
Iteration 5:     deviance =     0.0234
Iteration 6:     deviance =     0.0022
Iteration 7:     deviance =     0.0003




Analysis of differences in two-way associations



Table structure

-------------------------------------------------------------------------------
            Name      Label                                   N. of categories
-------------------------------------------------------------------------------
Row         O         O                                                5
Column      D         D                                                5
Layer       C         C                                                6
-------------------------------------------------------------------------------


Model specification

-------------------------------------------------------------------------------
Layer effect:            multiplicative
R-C association pattern: column effects
Additional variables:    none      
-------------------------------------------------------------------------------


Goodness-of-fit statistics

-------------------------------------------------------------------------------
Model               N    df      X2     p       G2     p     rG2     BIC     DI
-------------------------------------------------------------------------------
Cond. indep.     29136   96  10131.2  0.00   9614.5  0.00    0.0   8627.6  19.8
Null effect      29136   92   4665.6  0.00    319.1  0.00   96.7   -626.6   1.9
Multipl. effect  29136   87   4077.6  0.00    311.4  0.00   96.8   -582.9   1.8
-------------------------------------------------------------------------------


Phi parameters (layer scores)

----------------------------------------------
        C |        Raw    Scaled 1    Scaled 2
----------+-----------------------------------
        1 |     5.0186      1.0000      0.4833
        2 |     4.3118      0.8592      0.4152
        3 |     4.0941      0.8158      0.3943
        4 |     4.0463      0.8062      0.3897
        5 |     4.0463      0.8062      0.3897
        6 |     3.8127      0.7597      0.3672
----------------------------------------------


Psi parameters (R-C association scores)

--------------------------------------------------
          |                   D                   
        O |      1       2       3       4       5
----------+---------------------------------------
        1 |   0.00    0.10    0.27    0.53    0.85
        2 |   0.00    0.20    0.54    1.06    1.71
        3 |   0.00    0.30    0.81    1.60    2.56
        4 |   0.00    0.40    1.08    2.13    3.42
        5 |   0.00    0.50    1.35    2.66    4.27
--------------------------------------------------


Kappa indices

------------------
        C |  Kappa
----------+-------
        1 |   2.20
        2 |   1.89
        3 |   1.79
        4 |   1.77
        5 |   1.77
        6 |   1.67
------------------


 
Modelo: rce
 


Iteration 1:     deviance =    33.2809
Iteration 2:     deviance =    32.6987
Iteration 3:     deviance =     3.5665
Iteration 4:     deviance =     0.3759
Iteration 5:     deviance =     0.0397
Iteration 6:     deviance =     0.0040
Iteration 7:     deviance =     0.0004




Analysis of differences in two-way associations



Table structure

-------------------------------------------------------------------------------
            Name      Label                                   N. of categories
-------------------------------------------------------------------------------
Row         O         O                                                5
Column      D         D                                                5
Layer       C         C                                                6
-------------------------------------------------------------------------------


Model specification

-------------------------------------------------------------------------------
Layer effect:            multiplicative
R-C association pattern: row & column effects I
Additional variables:    none      
-------------------------------------------------------------------------------


Goodness-of-fit statistics

-------------------------------------------------------------------------------
Model               N    df      X2     p       G2     p     rG2     BIC     DI
-------------------------------------------------------------------------------
Cond. indep.     29136   96  10131.2  0.00   9614.5  0.00    0.0   8627.6  19.8
Null effect      29136   89    988.5  0.00    247.2  0.00   97.4   -667.7   1.6
Multipl. effect  29136   84    835.6  0.00    238.4  0.00   97.5   -625.1   1.7
-------------------------------------------------------------------------------


Phi parameters (layer scores)

----------------------------------------------
        C |        Raw    Scaled 1    Scaled 2
----------+-----------------------------------
        1 |     5.1079      1.0000      0.4881
        2 |     4.3724      0.8560      0.4178
        3 |     4.0941      0.8015      0.3912
        4 |     4.0211      0.7872      0.3842
        5 |     4.0211      0.7872      0.3842
        6 |     3.9022      0.7639      0.3728
----------------------------------------------


Psi parameters (R-C association scores)

--------------------------------------------------
          |                   D                   
        O |      1       2       3       4       5
----------+---------------------------------------
        1 |   0.00   -0.08   -0.11   -0.09    0.00
        2 |   0.16    0.17    0.27    0.48    0.82
        3 |   0.31    0.37    0.58    0.96    1.53
        4 |   0.52    0.73    1.11    1.74    2.60
        5 |   0.75    1.12    1.70    2.59    3.77
--------------------------------------------------


Kappa indices

------------------
        C |  Kappa
----------+-------
        1 |   1.94
        2 |   1.66
        3 |   1.55
        4 |   1.53
        5 |   1.53
        6 |   1.48
------------------


 
Modelo: hrce
 


Iteration 1:     deviance =    39.7549
Iteration 2:     deviance =     8.3601
Iteration 3:     deviance =     0.1771
Iteration 4:     deviance =     0.0037
Iteration 5:     deviance =     0.0001




Analysis of differences in two-way associations



Table structure

-------------------------------------------------------------------------------
            Name      Label                                   N. of categories
-------------------------------------------------------------------------------
Row         O         O                                                5
Column      D         D                                                5
Layer       C         C                                                6
-------------------------------------------------------------------------------


Model specification

-------------------------------------------------------------------------------
Layer effect:            multiplicative
R-C association pattern: homogeneous row & column effects I
Additional variables:    none      
-------------------------------------------------------------------------------


Goodness-of-fit statistics

-------------------------------------------------------------------------------
Model               N    df      X2     p       G2     p     rG2     BIC     DI
-------------------------------------------------------------------------------
Cond. indep.     29136   96  10131.2  0.00   9614.5  0.00    0.0   8627.6  19.8
Null effect      29136   92    533.6  0.00    263.5  0.00   97.3   -682.2   2.0
Multipl. effect  29136   87    533.8  0.00    249.3  0.00   97.4   -645.0   2.0
-------------------------------------------------------------------------------


Phi parameters (layer scores)

----------------------------------------------
        C |        Raw    Scaled 1    Scaled 2
----------+-----------------------------------
        1 |     5.4110      1.0000      0.5028
        2 |     4.5291      0.8370      0.4209
        3 |     4.1751      0.7716      0.3880
        4 |     4.0648      0.7512      0.3777
        5 |     4.0648      0.7512      0.3777
        6 |     3.9415      0.7284      0.3663
----------------------------------------------


Psi parameters (R-C association scores)

--------------------------------------------------
          |                   D                   
        O |      1       2       3       4       5
----------+---------------------------------------
        1 |   0.00    0.03    0.09    0.20    0.35
        2 |   0.03    0.11    0.26    0.51    0.84
        3 |   0.09    0.26    0.51    0.94    1.47
        4 |   0.20    0.51    0.94    1.60    2.39
        5 |   0.35    0.84    1.47    2.39    3.48
--------------------------------------------------


Kappa indices

------------------
        C |  Kappa
----------+-------
        1 |   1.92
        2 |   1.60
        3 |   1.48
        4 |   1.44
        5 |   1.44
        6 |   1.40
------------------



. 
. log close
      name:  <unnamed>
       log:  C:\Users\Christian\Desktop\2018\MODELO TEORICO\unidiff.log
  log type:  text
 closed on:  17 Sep 2020, 10:12:30
---------------------------------------------------------------------------------------------------------------------
