---------------------------------------------------------------------------------------------------------------------
      name:  <unnamed>
       log:  C:\Users\Christian\Desktop\2020 - 1T\unidiff.log
  log type:  text
 opened on:  18 Sep 2020, 10:10:29

. set more off

. 
. /* Abrir dataset*/
. use datamadrelima.dta, clear

. 
. /* Estimación del modelo */
. 
. foreach pattern in fi qpm qs cp  ua re ce rce hrce {
  2. 
. disp " "
  3. disp "Modelo: `pattern'"
  4. disp " "
  5. 
. unidiff FRE, row(O) column(D) layer(C) effect(mult) pattern(`pattern') refcat(1) 
  6. 
. }
 
Modelo: fi
 


Iteration 1:     deviance =     3.3678
Iteration 2:     deviance =     1.0605
Iteration 3:     deviance =     0.4213
Iteration 4:     deviance =     0.2039
Iteration 5:     deviance =     0.1169
Iteration 6:     deviance =     0.0710
Iteration 7:     deviance =     0.0469
Iteration 8:     deviance =     0.0310
Iteration 9:     deviance =     0.0205
Iteration 10:    deviance =     0.0141
Iteration 11:    deviance =     0.0094
Iteration 12:    deviance =     0.0068
Iteration 13:    deviance =     0.0049
Iteration 14:    deviance =     0.0032
Iteration 15:    deviance =     0.0022
Iteration 16:    deviance =     0.0015
Iteration 17:    deviance =     0.0011
Iteration 18:    deviance =     0.0007
Iteration 19:    deviance =     0.0005
Iteration 20:    deviance =     0.0004




Analysis of differences in two-way associations



Table structure

-------------------------------------------------------------------------------
            Name      Label                                   N. of categories
-------------------------------------------------------------------------------
Row         O         O                                                5
Column      D         D                                                5
Layer       C         C                                                6
-------------------------------------------------------------------------------


Model specification

-------------------------------------------------------------------------------
Layer effect:            multiplicative
R-C association pattern: full interaction
Additional variables:    none      
-------------------------------------------------------------------------------


Goodness-of-fit statistics

-------------------------------------------------------------------------------
Model               N    df      X2     p       G2     p     rG2     BIC     DI
-------------------------------------------------------------------------------
Cond. indep.       622   96    198.9  0.00    214.3  0.00    0.0   -403.2  19.3
Null effect        622   80     53.8  0.99     60.2  0.95   71.9   -454.4   8.7
Multipl. effect    622   75     30.3  1.00     34.2  1.00   84.0   -448.2   7.1
-------------------------------------------------------------------------------


Phi parameters (layer scores)

----------------------------------------------
        C |        Raw    Scaled 1    Scaled 2
----------+-----------------------------------
        1 |     0.7689      1.0000      0.0378
        2 |     1.8457      2.4005      0.0908
        3 |     3.8872      5.0556      0.1913
        4 |     3.8254      4.9752      0.1883
        5 |     2.7647      3.5957      0.1361
        6 |    19.2741     25.0674      0.9486
----------------------------------------------


Psi parameters (R-C association scores)

--------------------------------------------------
          |                   D                   
        O |      1       2       3       4       5
----------+---------------------------------------
        1 |   0.00    0.00    0.00    0.00    0.00
        2 |   0.00    0.15    1.00    0.35    0.32
        3 |   0.00    0.16    1.06    0.47   -0.05
        4 |   0.00    0.36    1.33    1.20    0.34
        5 |   0.00    0.39    1.65    1.82    1.31
--------------------------------------------------


Kappa indices

------------------
        C |  Kappa
----------+-------
        1 |   0.22
        2 |   0.52
        3 |   1.09
        4 |   1.08
        5 |   0.78
        6 |   5.42
------------------


 
Modelo: qpm
 


Iteration 1:     deviance =    11.9320
Iteration 2:     deviance =     0.7909
Iteration 3:     deviance =     0.6348
Iteration 4:     deviance =     0.2342
Iteration 5:     deviance =     0.1789
Iteration 6:     deviance =     0.1258
Iteration 7:     deviance =     0.0895
Iteration 8:     deviance =     0.0651
Iteration 9:     deviance =     0.0477
Iteration 10:    deviance =     0.0356
Iteration 11:    deviance =     0.0289
Iteration 12:    deviance =     0.0235
Iteration 13:    deviance =     0.0171
Iteration 14:    deviance =     0.0135
Iteration 15:    deviance =     0.0111
Iteration 16:    deviance =     0.0089
Iteration 17:    deviance =     0.0071
Iteration 18:    deviance =     0.0055
Iteration 19:    deviance =     0.0045
Iteration 20:    deviance =     0.0037
Iteration 21:    deviance =     0.0030
Iteration 22:    deviance =     0.0025
Iteration 23:    deviance =     0.0020
Iteration 24:    deviance =     0.0016
Iteration 25:    deviance =     0.0013
Iteration 26:    deviance =     0.0011
Iteration 27:    deviance =     0.0009
Iteration 28:    deviance =     0.0007
Iteration 29:    deviance =     0.0006
Iteration 30:    deviance =     0.0005




Analysis of differences in two-way associations



Table structure

-------------------------------------------------------------------------------
            Name      Label                                   N. of categories
-------------------------------------------------------------------------------
Row         O         O                                                5
Column      D         D                                                5
Layer       C         C                                                6
-------------------------------------------------------------------------------


Model specification

-------------------------------------------------------------------------------
Layer effect:            multiplicative
R-C association pattern: quasi-perfect mobility
Additional variables:    none      
-------------------------------------------------------------------------------


Goodness-of-fit statistics

-------------------------------------------------------------------------------
Model               N    df      X2     p       G2     p     rG2     BIC     DI
-------------------------------------------------------------------------------
Cond. indep.       622   96    198.9  0.00    214.3  0.00    0.0   -403.2  19.3
Null effect        622   91    157.0  0.00    174.8  0.00   18.5   -410.6  16.4
Multipl. effect    622   86    145.8  0.00    160.0  0.00   25.4   -393.2  15.1
-------------------------------------------------------------------------------


Phi parameters (layer scores)

----------------------------------------------
        C |        Raw    Scaled 1    Scaled 2
----------+-----------------------------------
        1 |    -0.0232      1.0000      0.0010
        2 |     2.0100    -86.5695      0.0872
        3 |     4.8297   -208.0126      0.2095
        4 |     3.6455   -157.0111      0.1582
        5 |     1.4892    -64.1404      0.0646
        6 |    22.1005   -951.8619      0.9588
----------------------------------------------


Psi parameters (R-C association scores)

--------------------------------------------------
          |                   D                   
        O |      1       2       3       4       5
----------+---------------------------------------
        1 |   0.71    0.00    0.00    0.00    0.00
        2 |   0.00    0.04    0.00    0.00    0.00
        3 |   0.00    0.00   -0.07    0.00    0.00
        4 |   0.00    0.00    0.00   -0.19    0.00
        5 |   0.00    0.00    0.00    0.00    0.59
--------------------------------------------------


Kappa indices

------------------
        C |  Kappa
----------+-------
        1 |   0.00
        2 |   0.31
        3 |   0.74
        4 |   0.56
        5 |   0.23
        6 |   3.37
------------------


 
Modelo: qs
 


Iteration 1:     deviance =     3.6626
Iteration 2:     deviance =     0.8583
Iteration 3:     deviance =     0.2579
Iteration 4:     deviance =     0.0739
Iteration 5:     deviance =     0.0256
Iteration 6:     deviance =     0.0099
Iteration 7:     deviance =     0.0040
Iteration 8:     deviance =     0.0016
Iteration 9:     deviance =     0.0007
Iteration 10:    deviance =     0.0003




Analysis of differences in two-way associations



Table structure

-------------------------------------------------------------------------------
            Name      Label                                   N. of categories
-------------------------------------------------------------------------------
Row         O         O                                                5
Column      D         D                                                5
Layer       C         C                                                6
-------------------------------------------------------------------------------


Model specification

-------------------------------------------------------------------------------
Layer effect:            multiplicative
R-C association pattern: quasi-symmetry
Additional variables:    none      
-------------------------------------------------------------------------------


Goodness-of-fit statistics

-------------------------------------------------------------------------------
Model               N    df      X2     p       G2     p     rG2     BIC     DI
-------------------------------------------------------------------------------
Cond. indep.       622   96    198.9  0.00    214.3  0.00    0.0   -403.2  19.3
Null effect        622   86    154.4  0.00     93.9  0.26   56.2   -459.3  10.3
Multipl. effect    622   81     41.2  1.00     46.1  1.00   78.5   -475.0   7.8
-------------------------------------------------------------------------------


Phi parameters (layer scores)

----------------------------------------------
        C |        Raw    Scaled 1    Scaled 2
----------+-----------------------------------
        1 |     0.3283      1.0000      0.0224
        2 |     1.2417      3.7827      0.0848
        3 |     4.4423     13.5332      0.3034
        4 |     4.3661     13.3009      0.2982
        5 |     3.0628      9.3308      0.2092
        6 |    12.8290     39.0829      0.8761
----------------------------------------------


Psi parameters (R-C association scores)

--------------------------------------------------
          |                   D                   
        O |      1       2       3       4       5
----------+---------------------------------------
        1 |   0.00   -0.11   -0.23   -0.67   -1.30
        2 |  -0.11    0.00   -0.08   -0.35   -0.98
        3 |  -0.23   -0.08    0.00   -0.17   -0.54
        4 |  -0.67   -0.35   -0.17    0.00   -0.10
        5 |  -1.30   -0.98   -0.54   -0.10    0.00
--------------------------------------------------


Kappa indices

------------------
        C |  Kappa
----------+-------
        1 |   0.11
        2 |   0.43
        3 |   1.54
        4 |   1.51
        5 |   1.06
        6 |   4.43
------------------


 
Modelo: cp
 


Iteration 1:     deviance =    11.5685
Iteration 2:     deviance =     0.4138
Iteration 3:     deviance =     0.0605
Iteration 4:     deviance =     0.0106
Iteration 5:     deviance =     0.0023
Iteration 6:     deviance =     0.0006
Iteration 7:     deviance =     0.0002




Analysis of differences in two-way associations



Table structure

-------------------------------------------------------------------------------
            Name      Label                                   N. of categories
-------------------------------------------------------------------------------
Row         O         O                                                5
Column      D         D                                                5
Layer       C         C                                                6
-------------------------------------------------------------------------------


Model specification

-------------------------------------------------------------------------------
Layer effect:            multiplicative
R-C association pattern: crossing parameters
Additional variables:    none      
-------------------------------------------------------------------------------


Goodness-of-fit statistics

-------------------------------------------------------------------------------
Model               N    df      X2     p       G2     p     rG2     BIC     DI
-------------------------------------------------------------------------------
Cond. indep.       622   96    198.9  0.00    214.3  0.00    0.0   -403.2  19.3
Null effect        622   92    139.2  0.00    150.0  0.00   30.0   -441.8  16.9
Multipl. effect    622   87    110.7  0.04    125.1  0.00   41.6   -434.6  15.8
-------------------------------------------------------------------------------


Phi parameters (layer scores)

----------------------------------------------
        C |        Raw    Scaled 1    Scaled 2
----------+-----------------------------------
        1 |     0.4998      1.0000      0.0474
        2 |     1.4802      2.9615      0.1404
        3 |     4.1220      8.2469      0.3910
        4 |     6.0687     12.1417      0.5756
        5 |     3.5132      7.0288      0.3332
        6 |     6.5237     13.0520      0.6188
----------------------------------------------


Psi parameters (R-C association scores)

--------------------------------------------------
          |                   D                   
        O |      1       2       3       4       5
----------+---------------------------------------
        1 |   0.00   -0.13   -0.37   -0.64   -0.84
        2 |  -0.13    0.00   -0.23   -0.51   -0.71
        3 |  -0.37   -0.23    0.00   -0.27   -0.48
        4 |  -0.64   -0.51   -0.27    0.00   -0.20
        5 |  -0.84   -0.71   -0.48   -0.20    0.00
--------------------------------------------------


Kappa indices

------------------
        C |  Kappa
----------+-------
        1 |   0.13
        2 |   0.37
        3 |   1.04
        4 |   1.53
        5 |   0.89
        6 |   1.65
------------------


 
Modelo: ua
 


Iteration 1:     deviance =     5.3545
Iteration 2:     deviance =     0.0000




Analysis of differences in two-way associations



Table structure

-------------------------------------------------------------------------------
            Name      Label                                   N. of categories
-------------------------------------------------------------------------------
Row         O         O                                                5
Column      D         D                                                5
Layer       C         C                                                6
-------------------------------------------------------------------------------


Model specification

-------------------------------------------------------------------------------
Layer effect:            multiplicative
R-C association pattern: uniform association
Additional variables:    none      
-------------------------------------------------------------------------------


Goodness-of-fit statistics

-------------------------------------------------------------------------------
Model               N    df      X2     p       G2     p     rG2     BIC     DI
-------------------------------------------------------------------------------
Cond. indep.       622   96    198.9  0.00    214.3  0.00    0.0   -403.2  19.3
Null effect        622   95    166.2  0.00    102.9  0.27   52.0   -508.3  11.3
Multipl. effect    622   90     51.7  1.00     57.7  1.00   73.1   -521.2   9.2
-------------------------------------------------------------------------------


Phi parameters (layer scores)

----------------------------------------------
        C |        Raw    Scaled 1    Scaled 2
----------+-----------------------------------
        1 |     0.3802      1.0000      0.0322
        2 |     1.2906      3.3943      0.1092
        3 |     4.8617     12.7862      0.4115
        4 |     4.6353     12.1908      0.3924
        5 |     3.1332      8.2403      0.2652
        6 |     9.1002     23.9333      0.7703
----------------------------------------------


Psi parameters (R-C association scores)

--------------------------------------------------
          |                   D                   
        O |      1       2       3       4       5
----------+---------------------------------------
        1 |   0.16    0.32    0.48    0.64    0.80
        2 |   0.32    0.64    0.96    1.28    1.60
        3 |   0.48    0.96    1.44    1.91    2.39
        4 |   0.64    1.28    1.91    2.55    3.19
        5 |   0.80    1.60    2.39    3.19    3.99
--------------------------------------------------


Kappa indices

------------------
        C |  Kappa
----------+-------
        1 |   0.12
        2 |   0.41
        3 |   1.55
        4 |   1.48
        5 |   1.00
        6 |   2.90
------------------


 
Modelo: re
 


Iteration 1:     deviance =     4.7932
Iteration 2:     deviance =     0.4706
Iteration 3:     deviance =     0.0827
Iteration 4:     deviance =     0.0188
Iteration 5:     deviance =     0.0053
Iteration 6:     deviance =     0.0015
Iteration 7:     deviance =     0.0004




Analysis of differences in two-way associations



Table structure

-------------------------------------------------------------------------------
            Name      Label                                   N. of categories
-------------------------------------------------------------------------------
Row         O         O                                                5
Column      D         D                                                5
Layer       C         C                                                6
-------------------------------------------------------------------------------


Model specification

-------------------------------------------------------------------------------
Layer effect:            multiplicative
R-C association pattern: row effects
Additional variables:    none      
-------------------------------------------------------------------------------


Goodness-of-fit statistics

-------------------------------------------------------------------------------
Model               N    df      X2     p       G2     p     rG2     BIC     DI
-------------------------------------------------------------------------------
Cond. indep.       622   96    198.9  0.00    214.3  0.00    0.0   -403.2  19.3
Null effect        622   92     94.7  0.40     85.6  0.67   60.1   -506.2  10.0
Multipl. effect    622   87     42.6  1.00     48.2  1.00   77.5   -511.5   8.1
-------------------------------------------------------------------------------


Phi parameters (layer scores)

----------------------------------------------
        C |        Raw    Scaled 1    Scaled 2
----------+-----------------------------------
        1 |     0.3996      1.0000      0.0264
        2 |     1.5417      3.8580      0.1019
        3 |     4.1249     10.3220      0.2726
        4 |     4.1034     10.2683      0.2712
        5 |     3.0754      7.6959      0.2033
        6 |    13.5307     33.8591      0.8943
----------------------------------------------


Psi parameters (R-C association scores)

--------------------------------------------------
          |                   D                   
        O |      1       2       3       4       5
----------+---------------------------------------
        1 |   0.00    0.00    0.00    0.00    0.00
        2 |   0.23    0.45    0.68    0.90    1.13
        3 |   0.26    0.53    0.79    1.06    1.32
        4 |   0.41    0.82    1.23    1.63    2.04
        5 |   0.65    1.31    1.96    2.62    3.27
--------------------------------------------------


Kappa indices

------------------
        C |  Kappa
----------+-------
        1 |   0.12
        2 |   0.47
        3 |   1.26
        4 |   1.25
        5 |   0.94
        6 |   4.14
------------------


 
Modelo: ce
 


Iteration 1:     deviance =     4.2411
Iteration 2:     deviance =     0.7591
Iteration 3:     deviance =     0.1241
Iteration 4:     deviance =     0.0218
Iteration 5:     deviance =     0.0040
Iteration 6:     deviance =     0.0007
Iteration 7:     deviance =     0.0001




Analysis of differences in two-way associations



Table structure

-------------------------------------------------------------------------------
            Name      Label                                   N. of categories
-------------------------------------------------------------------------------
Row         O         O                                                5
Column      D         D                                                5
Layer       C         C                                                6
-------------------------------------------------------------------------------


Model specification

-------------------------------------------------------------------------------
Layer effect:            multiplicative
R-C association pattern: column effects
Additional variables:    none      
-------------------------------------------------------------------------------


Goodness-of-fit statistics

-------------------------------------------------------------------------------
Model               N    df      X2     p       G2     p     rG2     BIC     DI
-------------------------------------------------------------------------------
Cond. indep.       622   96    198.9  0.00    214.3  0.00    0.0   -403.2  19.3
Null effect        622   92     94.0  0.42     90.2  0.53   57.9   -501.6  10.7
Multipl. effect    622   87     41.5  1.00     48.3  1.00   77.5   -511.4   7.7
-------------------------------------------------------------------------------


Phi parameters (layer scores)

----------------------------------------------
        C |        Raw    Scaled 1    Scaled 2
----------+-----------------------------------
        1 |     0.4582      1.0000      0.0363
        2 |     1.1871      2.5908      0.0941
        3 |     4.4649      9.7443      0.3540
        4 |     4.6626     10.1756      0.3697
        5 |     3.1797      6.9394      0.2521
        6 |    10.2807     22.4367      0.8151
----------------------------------------------


Psi parameters (R-C association scores)

--------------------------------------------------
          |                   D                   
        O |      1       2       3       4       5
----------+---------------------------------------
        1 |   0.00    0.10    0.27    0.56    0.61
        2 |   0.00    0.20    0.54    1.11    1.22
        3 |   0.00    0.30    0.81    1.67    1.84
        4 |   0.00    0.40    1.08    2.23    2.45
        5 |   0.00    0.50    1.35    2.79    3.06
--------------------------------------------------


Kappa indices

------------------
        C |  Kappa
----------+-------
        1 |   0.16
        2 |   0.41
        3 |   1.53
        4 |   1.60
        5 |   1.09
        6 |   3.53
------------------


 
Modelo: rce
 


Iteration 1:     deviance =     4.0068
Iteration 2:     deviance =     0.9299
Iteration 3:     deviance =     0.3199
Iteration 4:     deviance =     0.1038
Iteration 5:     deviance =     0.0348
Iteration 6:     deviance =     0.0118
Iteration 7:     deviance =     0.0041
Iteration 8:     deviance =     0.0014
Iteration 9:     deviance =     0.0005
Iteration 10:    deviance =     0.0002




Analysis of differences in two-way associations



Table structure

-------------------------------------------------------------------------------
            Name      Label                                   N. of categories
-------------------------------------------------------------------------------
Row         O         O                                                5
Column      D         D                                                5
Layer       C         C                                                6
-------------------------------------------------------------------------------


Model specification

-------------------------------------------------------------------------------
Layer effect:            multiplicative
R-C association pattern: row & column effects I
Additional variables:    none      
-------------------------------------------------------------------------------


Goodness-of-fit statistics

-------------------------------------------------------------------------------
Model               N    df      X2     p       G2     p     rG2     BIC     DI
-------------------------------------------------------------------------------
Cond. indep.       622   96    198.9  0.00    214.3  0.00    0.0   -403.2  19.3
Null effect        622   89     68.0  0.95     73.2  0.89   65.8   -499.3   9.8
Multipl. effect    622   84     37.6  1.00     44.7  1.00   79.2   -495.7   7.7
-------------------------------------------------------------------------------


Phi parameters (layer scores)

----------------------------------------------
        C |        Raw    Scaled 1    Scaled 2
----------+-----------------------------------
        1 |     0.5414      1.0000      0.0364
        2 |     1.4130      2.6100      0.0949
        3 |     4.1324      7.6332      0.2776
        4 |     4.2346      7.8221      0.2845
        5 |     3.0113      5.5624      0.2023
        6 |    13.2376     24.4520      0.8893
----------------------------------------------


Psi parameters (R-C association scores)

--------------------------------------------------
          |                   D                   
        O |      1       2       3       4       5
----------+---------------------------------------
        1 |   0.00   -0.01    0.01    0.13    0.00
        2 |   0.23    0.44    0.72    1.19    1.16
        3 |   0.27    0.51    0.85    1.49    1.36
        4 |   0.40    0.75    1.25    2.13    1.99
        5 |   0.59    1.13    1.83    3.02    2.95
--------------------------------------------------


Kappa indices

------------------
        C |  Kappa
----------+-------
        1 |   0.17
        2 |   0.44
        3 |   1.29
        4 |   1.32
        5 |   0.94
        6 |   4.12
------------------


 
Modelo: hrce
 


Iteration 1:     deviance =     3.8450
Iteration 2:     deviance =     0.3557
Iteration 3:     deviance =     0.1042
Iteration 4:     deviance =     0.0377
Iteration 5:     deviance =     0.0141
Iteration 6:     deviance =     0.0053
Iteration 7:     deviance =     0.0020
Iteration 8:     deviance =     0.0008
Iteration 9:     deviance =     0.0003




Analysis of differences in two-way associations



Table structure

-------------------------------------------------------------------------------
            Name      Label                                   N. of categories
-------------------------------------------------------------------------------
Row         O         O                                                5
Column      D         D                                                5
Layer       C         C                                                6
-------------------------------------------------------------------------------


Model specification

-------------------------------------------------------------------------------
Layer effect:            multiplicative
R-C association pattern: homogeneous row & column effects I
Additional variables:    none      
-------------------------------------------------------------------------------


Goodness-of-fit statistics

-------------------------------------------------------------------------------
Model               N    df      X2     p       G2     p     rG2     BIC     DI
-------------------------------------------------------------------------------
Cond. indep.       622   96    198.9  0.00    214.3  0.00    0.0   -403.2  19.3
Null effect        622   92    184.2  0.00     98.0  0.32   54.3   -493.9  10.4
Multipl. effect    622   87     44.0  1.00     50.4  1.00   76.5   -509.3   8.0
-------------------------------------------------------------------------------


Phi parameters (layer scores)

----------------------------------------------
        C |        Raw    Scaled 1    Scaled 2
----------+-----------------------------------
        1 |     0.3056      1.0000      0.0225
        2 |     1.3321      4.3590      0.0982
        3 |     4.1801     13.6787      0.3081
        4 |     4.3679     14.2932      0.3219
        5 |     3.3014     10.8034      0.2433
        6 |    11.6096     37.9908      0.8556
----------------------------------------------


Psi parameters (R-C association scores)

--------------------------------------------------
          |                   D                   
        O |      1       2       3       4       5
----------+---------------------------------------
        1 |   0.00    0.04    0.09    0.20    0.34
        2 |   0.04    0.18    0.31    0.58    0.91
        3 |   0.09    0.31    0.54    0.96    1.48
        4 |   0.20    0.58    0.96    1.59    2.37
        5 |   0.34    0.91    1.48    2.37    3.44
--------------------------------------------------


Kappa indices

------------------
        C |  Kappa
----------+-------
        1 |   0.10
        2 |   0.46
        3 |   1.43
        4 |   1.50
        5 |   1.13
        6 |   3.98
------------------



. 
. log close
      name:  <unnamed>
       log:  C:\Users\Christian\Desktop\2020 - 1T\unidiff.log
  log type:  text
 closed on:  18 Sep 2020, 10:12:37
---------------------------------------------------------------------------------------------------------------------
